#
# There is insufficient memory for the Java Runtime Environment to continue.
# Native memory allocation (mmap) failed to map 232783872 bytes. Error detail: G1 virtual space
# Possible reasons:
#   The system is out of physical RAM or swap space
#   This process is running with CompressedOops enabled, and the Java Heap may be blocking the growth of the native heap
# Possible solutions:
#   Reduce memory load on the system
#   Increase physical memory or swap space
#   Check if swap backing store is full
#   Decrease Java heap size (-Xmx/-Xms)
#   Decrease number of Java threads
#   Decrease Java thread stack sizes (-Xss)
#   Set larger code cache with -XX:ReservedCodeCacheSize=
#   JVM is running with Zero Based Compressed Oops mode in which the Java heap is
#     placed in the first 32GB address space. The Java Heap base address is the
#     maximum limit for the native heap growth. Please use -XX:HeapBaseMinAddress
#     to set the Java Heap base and to place the Java Heap above 32GB virtual address.
# This output file may be truncated or incomplete.
#
#  Out of Memory Error (os_windows.cpp:3686), pid=32800, tid=21884
#
# JRE version:  (21.0.7+6) (build )
# Java VM: OpenJDK 64-Bit Server VM (21.0.7+6-LTS, mixed mode, sharing, tiered, compressed oops, compressed class ptrs, g1 gc, windows-amd64)
# No core dump will be written. Minidumps are not enabled by default on client versions of Windows
#

---------------  S U M M A R Y ------------

Command Line: C:\Users\etoun\Documents\k48\Gestion de stock\Gestion-de-stock_angular_springBoot\angular\node_modules\@openapitools\openapi-generator-cli\versions\7.14.0.jar completion

Host: AMD Ryzen 5 5500U with Radeon Graphics         , 12 cores, 13G,  Windows 11 , 64 bit Build 26100 (10.0.26100.4768)
Time: Tue Sep  2 19:14:43 2025 Afr. centrale Ouest elapsed time: 1.259203 seconds (0d 0h 0m 1s)

---------------  T H R E A D  ---------------

Current thread (0x000001cd9d19c9f0):  JavaThread "Unknown thread" [_thread_in_vm, id=21884, stack(0x0000000d9ad00000,0x0000000d9ae00000) (1024K)]

Stack: [0x0000000d9ad00000,0x0000000d9ae00000]
Native frames: (J=compiled Java code, j=interpreted, Vv=VM code, C=native code)
V  [jvm.dll+0x6ce119]
V  [jvm.dll+0x8a84a1]
V  [jvm.dll+0x8aa9ce]
V  [jvm.dll+0x8ab0b3]
V  [jvm.dll+0x27f8a6]
V  [jvm.dll+0x6ca945]
V  [jvm.dll+0x6bebea]
V  [jvm.dll+0x355eca]
V  [jvm.dll+0x35da96]
V  [jvm.dll+0x3af72e]
V  [jvm.dll+0x3af9d8]
V  [jvm.dll+0x32a05c]
V  [jvm.dll+0x32abbb]
V  [jvm.dll+0x871719]
V  [jvm.dll+0x3bc501]
V  [jvm.dll+0x85a743]
V  [jvm.dll+0x45080e]
V  [jvm.dll+0x452451]
C  [jli.dll+0x5278]
C  [ucrtbase.dll+0x37b0]
C  [KERNEL32.DLL+0x2e8d7]
C  [ntdll.dll+0x3c34c]


---------------  P R O C E S S  ---------------

Threads class SMR info:
_java_thread_list=0x00007ff929b4a0c8, length=0, elements={
}

Java Threads: ( => current thread )
Total: 0

Other Threads:
  0x000001cd9d5608e0 WorkerThread "GC Thread#0"                     [id=40008, stack(0x0000000d9ae00000,0x0000000d9af00000) (1024K)]
  0x000001cd9d5704d0 ConcurrentGCThread "G1 Main Marker"            [id=20572, stack(0x0000000d9af00000,0x0000000d9b000000) (1024K)]
  0x000001cd9d571770 WorkerThread "G1 Conc#0"                       [id=44796, stack(0x0000000d9b000000,0x0000000d9b100000) (1024K)]

[error occurred during error reporting (printing all threads), id 0xc0000005, EXCEPTION_ACCESS_VIOLATION (0xc0000005) at pc=0x00007ff92924c987]
VM state: not at safepoint (not fully initialized)

VM Mutex/Monitor currently owned by a thread:  ([mutex/lock_event])
[0x00007ff929bbe408] Heap_lock - owner thread: 0x000001cd9d19c9f0

Heap address: 0x0000000722600000, size: 3546 MB, Compressed Oops mode: Zero based, Oop shift amount: 3

CDS archive(s) mapped at: [0x0000000000000000-0x0000000000000000-0x0000000000000000), size 0, SharedBaseAddress: 0x0000000800000000, ArchiveRelocationMode: 1.
Narrow klass base: 0x0000000000000000, Narrow klass shift: 0, Narrow klass range: 0x0

GC Precious Log:
 CardTable entry size: 512
 Card Set container configuration: InlinePtr #cards 4 size 8 Array Of Cards #cards 16 size 48 Howl #buckets 8 coarsen threshold 3686 Howl Bitmap #cards 512 size 80 coarsen threshold 460 Card regions per heap region 1 cards per card region 4096

Heap:
 garbage-first heap   total 0K, used 0K [0x0000000722600000, 0x0000000800000000)
  region size 2048K, 0 young (0K), 0 survivors (0K)

[error occurred during error reporting (printing heap information), id 0xc0000005, EXCEPTION_ACCESS_VIOLATION (0xc0000005) at pc=0x00007ff929637949]
GC Heap History (0 events):
No events

Dll operation events (1 events):
Event: 0.025 Loaded shared library C:\Program Files\Eclipse Adoptium\jdk-21.0.7.6-hotspot\bin\java.dll

Deoptimization events (0 events):
No events

Classes loaded (0 events):
No events

Classes unloaded (0 events):
No events

Classes redefined (0 events):
No events

Internal exceptions (0 events):
No events

ZGC Phase Switch (0 events):
No events

VM Operations (0 events):
No events

Memory protections (0 events):
No events

Nmethod flushes (0 events):
No events

Events (0 events):
No events


Dynamic libraries:
0x00007ff7a2760000 - 0x00007ff7a276e000 	C:\Program Files\Eclipse Adoptium\jdk-21.0.7.6-hotspot\bin\java.exe
0x00007ffa33160000 - 0x00007ffa333c7000 	C:\Windows\SYSTEM32\ntdll.dll
0x00007ffa30fb0000 - 0x00007ffa31079000 	C:\Windows\System32\KERNEL32.DLL
0x00007ffa307f0000 - 0x00007ffa30be0000 	C:\Windows\System32\KERNELBASE.dll
0x00007ffa30290000 - 0x00007ffa303db000 	C:\Windows\System32\ucrtbase.dll
0x00007ffa25740000 - 0x00007ffa25758000 	C:\Program Files\Eclipse Adoptium\jdk-21.0.7.6-hotspot\bin\jli.dll
0x00007ffa26230000 - 0x00007ffa2624e000 	C:\Program Files\Eclipse Adoptium\jdk-21.0.7.6-hotspot\bin\VCRUNTIME140.dll
0x00007ffa32190000 - 0x00007ffa32355000 	C:\Windows\System32\USER32.dll
0x00007ffa304a0000 - 0x00007ffa304c7000 	C:\Windows\System32\win32u.dll
0x00007ffa0f6c0000 - 0x00007ffa0f95a000 	C:\Windows\WinSxS\amd64_microsoft.windows.common-controls_6595b64144ccf1df_6.0.26100.4768_none_3e0c112ce331287c\COMCTL32.dll
0x00007ffa32920000 - 0x00007ffa3294b000 	C:\Windows\System32\GDI32.dll
0x00007ffa30570000 - 0x00007ffa306a8000 	C:\Windows\System32\gdi32full.dll
0x00007ffa32ef0000 - 0x00007ffa32f99000 	C:\Windows\System32\msvcrt.dll
0x00007ffa30740000 - 0x00007ffa307e3000 	C:\Windows\System32\msvcp_win.dll
0x00007ffa31cc0000 - 0x00007ffa31cef000 	C:\Windows\System32\IMM32.DLL
0x00007ffa256a0000 - 0x00007ffa256ac000 	C:\Program Files\Eclipse Adoptium\jdk-21.0.7.6-hotspot\bin\vcruntime140_1.dll
0x00007ff9e1900000 - 0x00007ff9e198d000 	C:\Program Files\Eclipse Adoptium\jdk-21.0.7.6-hotspot\bin\msvcp140.dll
0x00007ff928f10000 - 0x00007ff929ca0000 	C:\Program Files\Eclipse Adoptium\jdk-21.0.7.6-hotspot\bin\server\jvm.dll
0x00007ffa31870000 - 0x00007ffa31924000 	C:\Windows\System32\ADVAPI32.dll
0x00007ffa32950000 - 0x00007ffa329f6000 	C:\Windows\System32\sechost.dll
0x00007ffa32710000 - 0x00007ffa32828000 	C:\Windows\System32\RPCRT4.dll
0x00007ffa31080000 - 0x00007ffa310f4000 	C:\Windows\System32\WS2_32.dll
0x00007ffa28dc0000 - 0x00007ffa28df5000 	C:\Windows\SYSTEM32\WINMM.dll
0x00007ffa300f0000 - 0x00007ffa3014e000 	C:\Windows\SYSTEM32\POWRPROF.dll
0x00007ffa28e00000 - 0x00007ffa28e0b000 	C:\Windows\SYSTEM32\VERSION.dll
0x00007ffa300d0000 - 0x00007ffa300e4000 	C:\Windows\SYSTEM32\UMPDC.dll
0x00007ffa2f010000 - 0x00007ffa2f02b000 	C:\Windows\SYSTEM32\kernel.appcore.dll
0x00007ffa255b0000 - 0x00007ffa255ba000 	C:\Program Files\Eclipse Adoptium\jdk-21.0.7.6-hotspot\bin\jimage.dll
0x00007ffa2dc10000 - 0x00007ffa2de51000 	C:\Windows\SYSTEM32\DBGHELP.DLL
0x00007ffa31930000 - 0x00007ffa31cb5000 	C:\Windows\System32\combase.dll
0x00007ffa32830000 - 0x00007ffa32910000 	C:\Windows\System32\OLEAUT32.dll
0x00007ffa0f510000 - 0x00007ffa0f553000 	C:\Windows\SYSTEM32\dbgcore.DLL
0x00007ffa304d0000 - 0x00007ffa30569000 	C:\Windows\System32\bcryptPrimitives.dll
0x00007ffa254a0000 - 0x00007ffa254bf000 	C:\Program Files\Eclipse Adoptium\jdk-21.0.7.6-hotspot\bin\java.dll

dbghelp: loaded successfully - version: 4.0.5 - missing functions: none
symbol engine: initialized successfully - sym options: 0x614 - pdb path: .;C:\Program Files\Eclipse Adoptium\jdk-21.0.7.6-hotspot\bin;C:\Windows\SYSTEM32;C:\Windows\WinSxS\amd64_microsoft.windows.common-controls_6595b64144ccf1df_6.0.26100.4768_none_3e0c112ce331287c;C:\Program Files\Eclipse Adoptium\jdk-21.0.7.6-hotspot\bin\server

VM Arguments:
java_command: C:\Users\etoun\Documents\k48\Gestion de stock\Gestion-de-stock_angular_springBoot\angular\node_modules\@openapitools\openapi-generator-cli\versions\7.14.0.jar completion
java_class_path (initial): C:\Users\etoun\Documents\k48\Gestion de stock\Gestion-de-stock_angular_springBoot\angular\node_modules\@openapitools\openapi-generator-cli\versions\7.14.0.jar
Launcher Type: SUN_STANDARD

[Global flags]
     intx CICompilerCount                          = 4                                         {product} {ergonomic}
     uint ConcGCThreads                            = 3                                         {product} {ergonomic}
     uint G1ConcRefinementThreads                  = 10                                        {product} {ergonomic}
   size_t G1HeapRegionSize                         = 2097152                                   {product} {ergonomic}
    uintx GCDrainStackTargetSize                   = 64                                        {product} {ergonomic}
   size_t InitialHeapSize                          = 232783872                                 {product} {ergonomic}
   size_t MarkStackSize                            = 4194304                                   {product} {ergonomic}
   size_t MaxHeapSize                              = 3718250496                                {product} {ergonomic}
   size_t MinHeapDeltaBytes                        = 2097152                                   {product} {ergonomic}
   size_t MinHeapSize                              = 8388608                                   {product} {ergonomic}
    uintx NonNMethodCodeHeapSize                   = 5839372                                {pd product} {ergonomic}
    uintx NonProfiledCodeHeapSize                  = 122909434                              {pd product} {ergonomic}
    uintx ProfiledCodeHeapSize                     = 122909434                              {pd product} {ergonomic}
    uintx ReservedCodeCacheSize                    = 251658240                              {pd product} {ergonomic}
     bool SegmentedCodeCache                       = true                                      {product} {ergonomic}
   size_t SoftMaxHeapSize                          = 3718250496                             {manageable} {ergonomic}
     bool UseCompressedOops                        = true                           {product lp64_product} {ergonomic}
     bool UseG1GC                                  = true                                      {product} {ergonomic}
     bool UseLargePagesIndividualAllocation        = false                                  {pd product} {ergonomic}

Logging:
Log output configuration:
 #0: stdout all=warning uptime,level,tags foldmultilines=false
 #1: stderr all=off uptime,level,tags foldmultilines=false

Environment Variables:
JAVA_HOME=C:\Program Files\Java\jdk-17
PATH=C:\Users\etoun\Documents\k48\Gestion de stock\Gestion-de-stock_angular_springBoot\angular\node_modules\.bin;C:\Users\etoun\Documents\k48\Gestion de stock\Gestion-de-stock_angular_springBoot\node_modules\.bin;C:\Users\etoun\Documents\k48\Gestion de stock\node_modules\.bin;C:\Users\etoun\Documents\k48\node_modules\.bin;C:\Users\etoun\Documents\node_modules\.bin;C:\Users\etoun\node_modules\.bin;C:\Users\node_modules\.bin;C:\node_modules\.bin;C:\Program Files\nodejs\node_modules\npm\node_modules\@npmcli\run-script\lib\node-gyp-bin;C:\Users\etoun\Documents\k48\Gestion de stock\Gestion-de-stock_angular_springBoot\angular\node_modules\.bin;C:\Users\etoun\Documents\k48\Gestion de stock\Gestion-de-stock_angular_springBoot\node_modules\.bin;C:\Users\etoun\Documents\k48\Gestion de stock\node_modules\.bin;C:\Users\etoun\Documents\k48\node_modules\.bin;C:\Users\etoun\Documents\node_modules\.bin;C:\Users\etoun\node_modules\.bin;C:\Users\node_modules\.bin;C:\node_modules\.bin;C:\Program Files\nodejs\node_modules\npm\node_modules\@npmcli\run-script\lib\node-gyp-bin;C:\Users\etoun\Documents\k48\Gestion de stock\Gestion-de-stock_angular_springBoot\angular\node_modules\.bin;C:\Users\etoun\Documents\k48\Gestion de stock\Gestion-de-stock_angular_springBoot\node_modules\.bin;C:\Users\etoun\Documents\k48\Gestion de stock\node_modules\.bin;C:\Users\etoun\Documents\k48\node_modules\.bin;C:\Users\etoun\Documents\node_modules\.bin;C:\Users\etoun\node_modules\.bin;C:\Users\node_modules\.bin;C:\node_modules\.bin;C:\Program Files\nodejs\node_modules\npm\node_modules\@npmcli\run-script\lib\node-gyp-bin;C:\Users\etoun\Documents\k48\Gestion de stock\Gestion-de-stock_angular_springBoot\angular\node_modules\.bin;C:\Users\etoun\Documents\k48\Gestion de stock\Gestion-de-stock_angular_springBoot\node_modules\.bin;C:\Users\etoun\Documents\k48\Gestion de stock\node_modules\.bin;C:\Users\etoun\Documents\k48\node_modules\.bin;C:\Users\etoun\Documents\node_modules\.bin;C:\Users\etoun\node_modules\.bin;C:\Users\node_modules\.bin;C:\node_modules\.bin;C:\Program Files\nodejs\node_modules\npm\node_modules\@npmcli\run-script\lib\node-gyp-bin;C:\Program Files\Eclipse Adoptium\jdk-21.0.7.6-hotspot\bin;C:\Program Files\OpenLogic\jdk-17.0.13.11-hotspot\bin;C:\Program Files\Common Files\Oracle\Java\javapath;C:\Windows\system32;C:\Windows;C:\Windows\System32\Wbem;C:\Windows\System32\WindowsPowerShell\v1.0\;C:\Windows\System32\OpenSSH\;C:\Program Files\nodejs\;C:\Program Files\Git\cmd;C:\Program Files\Docker\Docker\resources\bin;C:\Program Files\PostgreSQL\17\bin;C:\apache-maven-3.9.10\bin;C:\maven-mvnd-1.0.2-windows-amd64\bin;C:\Program Files\dotnet\;c:\Users\etoun\AppData\Local\Programs\cursor\resources\app\bin;C:\Program Files\Java\jdk-17\bin;C:\Users\etoun\AppData\Local\Microsoft\WindowsApps;C:\Users\etoun\AppData\Local\Programs\Microsoft VS Code\bin;C:\Program Files\JetBrains\IntelliJ IDEA 2024.3.1\bin;;C:\Users\etoun\AppData\Roaming\npm;C:\Program Files\liquibase;C:\Users\etoun\AppData\Local\Programs\mongosh\;C:\Users\etoun\AppData\Local\GitHubDesktop\bin;C:\Program Files\PostgreSQL\17\bin;C:\maven-mvnd-1.0.2-windows-amd64\bin;C:\apache-maven-3.9.10\bin;C:\Users\etoun\AppData\Local\Programs\cursor\resources\app\bin;C:\Program Files\Java\jdk-17\bin;
USERNAME=etoun
LANG=en_US.UTF-8
OS=Windows_NT
PROCESSOR_IDENTIFIER=AMD64 Family 23 Model 104 Stepping 1, AuthenticAMD
TMP=C:\Users\etoun\AppData\Local\Temp
TEMP=C:\Users\etoun\AppData\Local\Temp




Periodic native trim disabled

---------------  S Y S T E M  ---------------

OS:
 Windows 11 , 64 bit Build 26100 (10.0.26100.4768)
OS uptime: 1 days 1:42 hours
Hyper-V role detected

CPU: total 12 (initial active 12) (12 cores per cpu, 2 threads per core) family 23 model 104 stepping 1 microcode 0x8608107, cx8, cmov, fxsr, ht, mmx, 3dnowpref, sse, sse2, sse3, ssse3, sse4a, sse4.1, sse4.2, popcnt, lzcnt, tsc, tscinvbit, avx, avx2, aes, clmul, bmi1, bmi2, adx, sha, fma, vzeroupper, clflush, clflushopt, hv, rdtscp, rdpid, f16c
Processor Information for the first 12 processors :
  Max Mhz: 2100, Current Mhz: 2100, Mhz Limit: 2100

Memory: 4k page, system-wide physical 14181M (540M free)
TotalPageFile size 57189M (AvailPageFile size 141M)
current process WorkingSet (physical memory assigned to process): 12M, peak: 12M
current process commit charge ("private bytes"): 64M, peak: 286M

vm_info: OpenJDK 64-Bit Server VM (21.0.7+6-LTS) for windows-amd64 JRE (21.0.7+6-LTS), built on 2025-04-15T00:00:00Z by "admin" with MS VC++ 17.7 (VS2022)

END.
